<?xml version="1.0" encoding="UTF-8"?>
<coverage generated="1744385597617" clover="3.2.0">
  <project timestamp="1744385597617" name="All files">
    <metrics statements="8" coveredstatements="8" conditionals="2" coveredconditionals="2" methods="4" coveredmethods="4" elements="14" coveredelements="14" complexity="0" loc="8" ncloc="8" packages="2" files="3" classes="3"/>
    <package name="history.components">
      <metrics statements="5" coveredstatements="5" conditionals="2" coveredconditionals="2" methods="3" coveredmethods="3"/>
      <file name="History.tsx" path="/Users/mathieualbore/Development/lullio/features/history/components/History.tsx">
        <metrics statements="4" coveredstatements="4" conditionals="2" coveredconditionals="2" methods="2" coveredmethods="2"/>
        <line num="7" count="1" type="stmt"/>
        <line num="8" count="3" type="stmt"/>
        <line num="9" count="3" type="stmt"/>
        <line num="12" count="3" type="stmt"/>
      </file>
      <file name="Item.tsx" path="/Users/mathieualbore/Development/lullio/features/history/components/Item.tsx">
        <metrics statements="1" coveredstatements="1" conditionals="0" coveredconditionals="0" methods="1" coveredmethods="1"/>
        <line num="4" count="3" type="stmt"/>
      </file>
    </package>
    <package name="shared.utils">
      <metrics statements="3" coveredstatements="3" conditionals="0" coveredconditionals="0" methods="1" coveredmethods="1"/>
      <file name="dateTime.ts" path="/Users/mathieualbore/Development/lullio/features/shared/utils/dateTime.ts">
        <metrics statements="3" coveredstatements="3" conditionals="0" coveredconditionals="0" methods="1" coveredmethods="1"/>
        <line num="1" count="1" type="stmt"/>
        <line num="2" count="6" type="stmt"/>
        <line num="4" count="6" type="stmt"/>
      </file>
    </package>
  </project>
</coverage>
