{"/Users/mathieualbore/Development/lullio/features/history/components/History.tsx": {"path":"/Users/mathieualbore/Development/lullio/features/history/components/History.tsx","statementMap":{"0":{"start":{"line":7,"column":16},"end":{"line":21,"column":1}},"1":{"start":{"line":8,"column":20},"end":{"line":8,"column":25}},"2":{"start":{"line":9,"column":2},"end":{"line":20,"column":3}},"3":{"start":{"line":12,"column":8},"end":{"line":15,"column":15}}},"fnMap":{"0":{"name":"(anonymous_0)","decl":{"start":{"line":7,"column":16},"end":{"line":7,"column":17}},"loc":{"start":{"line":7,"column":52},"end":{"line":21,"column":1}},"line":7},"1":{"name":"(anonymous_1)","decl":{"start":{"line":11,"column":32},"end":{"line":11,"column":33}},"loc":{"start":{"line":12,"column":8},"end":{"line":15,"column":15}},"line":12}},"branchMap":{"0":{"loc":{"start":{"line":11,"column":7},"end":{"line":18,"column":7}},"type":"cond-expr","locations":[{"start":{"line":11,"column":22},"end":{"line":16,"column":8}},{"start":{"line":17,"column":8},"end":{"line":17,"column":48}}],"line":11}},"s":{"0":1,"1":3,"2":3,"3":3},"f":{"0":3,"1":3},"b":{"0":[2,1]},"_coverageSchema":"1a1c01bbd47fc00a2c39e90264f33305004495a9","hash":"623a45b15b0db420ef87e6e8897659098048b886"}
,"/Users/mathieualbore/Development/lullio/features/history/components/Item.tsx": {"path":"/Users/mathieualbore/Development/lullio/features/history/components/Item.tsx","statementMap":{"0":{"start":{"line":4,"column":2},"end":{"line":17,"column":3}}},"fnMap":{"0":{"name":"Item","decl":{"start":{"line":3,"column":24},"end":{"line":3,"column":28}},"loc":{"start":{"line":3,"column":67},"end":{"line":18,"column":1}},"line":3}},"branchMap":{},"s":{"0":3},"f":{"0":3},"b":{},"_coverageSchema":"1a1c01bbd47fc00a2c39e90264f33305004495a9","hash":"349b6f1c696da1cbc8cbeb81c67af2d5c06399ba"}
,"/Users/mathieualbore/Development/lullio/features/shared/utils/dateTime.ts": {"path":"/Users/mathieualbore/Development/lullio/features/shared/utils/dateTime.ts","statementMap":{"0":{"start":{"line":1,"column":41},"end":{"line":5,"column":1}},"1":{"start":{"line":2,"column":28},"end":{"line":2,"column":71}},"2":{"start":{"line":4,"column":2},"end":{"line":4,"column":30}}},"fnMap":{"0":{"name":"(anonymous_0)","decl":{"start":{"line":1,"column":41},"end":{"line":1,"column":42}},"loc":{"start":{"line":1,"column":57},"end":{"line":5,"column":1}},"line":1}},"branchMap":{},"s":{"0":1,"1":6,"2":6},"f":{"0":6},"b":{},"_coverageSchema":"1a1c01bbd47fc00a2c39e90264f33305004495a9","hash":"24d005274f6f733752a735932b6fdcd60733637c"}
}
