TN:
SF:features/history/components/History.tsx
FN:7,(anonymous_0)
FN:11,(anonymous_1)
FNF:2
FNH:2
FNDA:3,(anonymous_0)
FNDA:3,(anonymous_1)
DA:7,1
DA:8,3
DA:9,3
DA:12,3
LF:4
LH:4
BRDA:11,0,0,2
BRDA:11,0,1,1
BRF:2
BRH:2
end_of_record
TN:
SF:features/history/components/Item.tsx
FN:3,Item
FNF:1
FNH:1
FNDA:3,Item
DA:4,3
LF:1
LH:1
BRF:0
BRH:0
end_of_record
TN:
SF:features/shared/utils/dateTime.ts
FN:1,(anonymous_0)
FNF:1
FNH:1
FNDA:6,(anonymous_0)
DA:1,1
DA:2,6
DA:4,6
LF:3
LH:3
BRF:0
BRH:0
end_of_record
